<?xml version="1.0" encoding="UTF-8"?>
<!-- Generated by org.testng.reporters.JUnitReportReporter -->
<testsuite hostname="shapan-HP" name="apitestpackage.TC006_GET_REquest" tests="1" failures="0" timestamp="9 Jul 2019 11:18:18 GMT" time="2.639" errors="0">
  <testcase name="getWeatherDetails" time="2.639" classname="apitestpackage.TC006_GET_REquest"/>
</testsuite> <!-- apitestpackage.TC006_GET_REquest -->
