<?xml version="1.0" encoding="UTF-8"?>
<!-- Generated by org.testng.reporters.JUnitReportReporter -->
<testsuite hostname="shapan-HP" name="apitestpackage.TC004_GET_Request" tests="1" failures="0" timestamp="9 Jul 2019 10:40:17 GMT" time="3.542" errors="0">
  <testcase name="getWeatherDetails" time="3.542" classname="apitestpackage.TC004_GET_Request"/>
</testsuite> <!-- apitestpackage.TC004_GET_Request -->
