<?xml version="1.0" encoding="UTF-8"?>
<!-- Generated by org.testng.reporters.JUnitReportReporter -->
<testsuite hostname="shapan-HP" name="apitestpackage.TC003_GET_Request" tests="1" failures="0" timestamp="9 Jul 2019 10:24:13 GMT" time="2.485" errors="0">
  <testcase name="getinfo" time="2.485" classname="apitestpackage.TC003_GET_Request"/>
</testsuite> <!-- apitestpackage.TC003_GET_Request -->
