<?xml version="1.0" encoding="UTF-8"?>
<!-- Generated by org.testng.reporters.JUnitReportReporter -->
<testsuite hostname="shapan-HP" name="apitestpackage.ApiPractice" tests="1" failures="0" timestamp="9 Jul 2019 09:13:11 GMT" time="1.941" errors="0">
  <testcase name="getinfo" time="1.941" classname="apitestpackage.ApiPractice"/>
</testsuite> <!-- apitestpackage.ApiPractice -->
